
resolvers       | formats | executing runner 'run luatex format': /usr/bin/luatex --jobname="resume_" --fmt=/home/chiatzenw/.texlive/texmf-var/luatex-cache/context/0399a8df3aef8d154781d0a9c2b8e28d/formats/luatex/cont-en.fmt --lua=/home/chiatzenw/.texlive/texmf-var/luatex-cache/context/0399a8df3aef8d154781d0a9c2b8e28d/formats/luatex/cont-en.lui cont-yes.mkiv --c:currentrun=1 --c:fulljobname="./resume_.tex" --c:input="./resume_.tex" --c:kindofrun=1 --c:maxnofruns=9 --c:texmfbinpath="/usr/bin"
This is LuaTeX, Version 1.13.2 (TeX Live 2021/Arch Linux) 
 system commands enabled.
open source     > level 1, order 1, name '/usr/share/texmf-dist/tex/context/base/mkiv/cont-yes.mkiv'
system          > 
system          > ConTeXt  ver: 2021.03.05 19:11 MKIV  fmt: 2022.3.12  int: english/english
system          > 
system          > 'cont-new.mkiv' loaded
open source     > level 2, order 2, name '/usr/share/texmf-dist/tex/context/base/mkiv/cont-new.mkiv'
system          > beware: some patches loaded from cont-new.mkiv
close source    > level 2, order 2, name '/usr/share/texmf-dist/tex/context/base/mkiv/cont-new.mkiv'
system          > files > jobname 'resume_', input './resume_', result 'resume_'
fonts           > latin modern fonts are not preloaded
languages       > language 'en' is active
open source     > level 2, order 3, name '/home/chiatzenw/pandoc_resume/output/resume_.tex'
colors          > defining > unknown library 'hex'
open source     > level 3, order 4, name '/usr/share/texmf-dist/tex/context/fonts/mkiv/type-imp-texgyre.mkiv'
close source    > level 3, order 4, name '/usr/share/texmf-dist/tex/context/fonts/mkiv/type-imp-texgyre.mkiv'
structure       > sectioning > section @ level 3 : 0.0.1 -> Chiaten Wang

Underfull \hbox (badness 10000) in paragraph at lines 76--83


Underfull \hbox (badness 10000) in paragraph at lines 76--83

structure       > sectioning > subsection @ level 4 : 0.0.1.1 -> Education
setup           > error in line 1, namespace 'xtable', key 'body'
setup           > error in line 3, namespace 'xtable', key 'foot'
setup           > error in line 1, namespace 'xtable', key 'body'
setup           > error in line 3, namespace 'xtable', key 'foot'
setup           > error in line 1, namespace 'xtable', key 'body'
setup           > error in line 3, namespace 'xtable', key 'foot'
floatblocks     > '1' placed (here)

Overfull \hbox (5.84058pt too wide) in paragraph at lines 118--123
 <1: texgyreheros-regular @ 11.0pt> from Project Guten-berg. Demon-strates skills with SQL and web host-ing with heroku. 
backend         > xmp > using file '/usr/share/texmf-dist/tex/context/base/mkiv/lpdf-pdx.xml'
pages           > flushing realpage 1, userpage 1, subpage 1
close source    > level 2, order 4, name '/home/chiatzenw/pandoc_resume/output/resume_.tex'
close source    > level 1, order 4, name '/usr/share/texmf-dist/tex/context/base/mkiv/cont-yes.mkiv'

mkiv lua stats  > used config file: selfautodir:/share/texmf-dist/web2c/texmfcnf.lua
mkiv lua stats  > used cache path: readable+writable: '/home/chiatzenw/.texlive/texmf-var/luatex-cache/context/0399a8df3aef8d154781d0a9c2b8e28d'
mkiv lua stats  > resource resolver: loadtime 0.018 seconds, 0 scans with scantime 0.000 seconds, 0 shared scans, 15 found files, scanned paths: <none>
mkiv lua stats  > stored bytecode data: 454 modules (0.258 sec), 96 tables (0.015 sec), 550 chunks (0.273 sec)
mkiv lua stats  > traced context: maxstack: 1420, freed: 0, unreachable: 1420
mkiv lua stats  > cleaned up reserved nodes: 66 nodes, 9 lists of 442
mkiv lua stats  > node memory usage: 14 attribute, 4 attribute_list, 1 glue, 52 glue_spec, 3 kern, 2 penalty, 2 temp, 2 user_defined
mkiv lua stats  > node list callback tasks: 8 unique task lists, 8 instances (re)created, 205 calls
mkiv lua stats  > driver time: 0.011 seconds 
mkiv lua stats  > used backend: pdf (backend for directly generating pdf output)
mkiv lua stats  > jobdata time: 0.002 seconds saving, 0.001 seconds loading
mkiv lua stats  > callbacks: internal: 457, file: 550, direct: 2, late: 16, function 1013, total: 2038 (2038 per page)
mkiv lua stats  > randomizer: resumed with value 0.77030387381092
mkiv lua stats  > result saved in file: resume_.pdf, compresslevel 3, objectcompresslevel 1
mkiv lua stats  > loaded patterns: en::1, load time: 0.000
mkiv lua stats  > interactive elements: 8 references, 5 destinations
mkiv lua stats  > loaded fonts: 4 files: latinmodern-math.otf, texgyreheros-bold.otf, texgyreheros-italic.otf, texgyreheros-regular.otf
mkiv lua stats  > font engine: otf 3.113, afm 1.513, tfm 1.000, 13 instances, 7 shared in backend, 3 common vectors, 4 common hashes, load time 0.222 seconds 
mkiv lua stats  > pdf annotations: 8 links (8 unique), 0 special
mkiv lua stats  > used platform: linux-64, type: unix, binary subtree: usr
mkiv lua stats  > used engine: luatex version: 1.1302, functionality level: 7430, banner: this is luatex, version 1.13.2 (tex live 2021/arch linux)
mkiv lua stats  > used hash slots: 46861 of 65536 + 200000
mkiv lua stats  > lua properties: engine: lua 5.3, used memory: 89 MB, ctx: 89 MB, max: unknown MB, hash chars: min(64,40), symbol mask: utf (τεχ)
mkiv lua stats  > runtime: 0.639 seconds, 1 processed pages, 1 shipped pages, 1.565 pages/second
system          | total runtime: 0.947 seconds

